<?xml version="1.0" encoding="UTF-8"?>
<!-- Generated by org.testng.reporters.JUnitXMLReporter -->
<testsuite ignored="0" hostname="Manjus-iMac.local" failures="0" tests="5" name="functionalTest" time="0.077" errors="0" timestamp="2023-06-30T18:53:05 IST">
  <testcase classname="testing.TestNG" name="test1" time="0.01"/>
  <testcase classname="testing.group" name="Test1" time="0.002"/>
  <testcase classname="testing.group" name="Test2" time="0.002"/>
  <testcase classname="testing.Testng1" name="Test1" time="0.001"/>
  <testcase classname="testing.Testng1" name="Test2" time="0.002"/>
</testsuite> <!-- functionalTest -->
