<?xml version="1.0" encoding="UTF-8"?>
<!-- Generated by org.testng.reporters.JUnitXMLReporter -->
<testsuite ignored="0" hostname="Manjus-iMac.local" failures="1" tests="1" name="Test" time="4.402" errors="0" timestamp="2023-07-01T19:23:31 IST">
  <testcase classname="testing.listenerdemotest" name="launchapp" time="3.702">
    <failure type="java.lang.AssertionError" message="expected [true] but found [false]">
      <![CDATA[java.lang.AssertionError: expected [true] but found [false]
at testing.listenerdemotest.launchapp(listenerdemotest.java:13)
at java.base/java.util.ArrayList.forEach(ArrayList.java:1511)
... Removed 29 stack frames]]>
    </failure>
  </testcase> <!-- launchapp -->
</testsuite> <!-- Test -->
