<?xml version="1.0" encoding="UTF-8"?>
<testng-results ignored="0" total="1" passed="1" failed="0" skipped="0">
  <reporter-output>
  </reporter-output>
  <suite started-at="2023-07-05T15:29:42 IST" name="Default suite" finished-at="2023-07-05T15:29:49 IST" duration-ms="6462">
    <groups>
    </groups>
    <test started-at="2023-07-05T15:29:42 IST" name="Default test" finished-at="2023-07-05T15:29:49 IST" duration-ms="6462">
      <class name="testing.Tittle">
        <test-method signature="firdt()[pri:0, instance:testing.Tittle@78e117e3]" started-at="2023-07-05T15:29:42 IST" name="firdt" finished-at="2023-07-05T15:29:49 IST" duration-ms="6427" status="PASS">
          <reporter-output>
          </reporter-output>
        </test-method> <!-- firdt -->
      </class> <!-- testing.Tittle -->
    </test> <!-- Default test -->
  </suite> <!-- Default suite -->
</testng-results>
