<?xml version="1.0" encoding="UTF-8"?>
<!-- Generated by org.testng.reporters.JUnitXMLReporter -->
<testsuite ignored="0" hostname="Manjus-iMac.local" failures="1" tests="4" name="Test" time="5.666" errors="0" timestamp="2023-07-02T20:28:15 IST">
  <testcase classname="testing.reporter" name="reportertest1" time="5.13">
    <failure type="java.lang.AssertionError" message="expected [true] but found [false]">
      <![CDATA[java.lang.AssertionError: expected [true] but found [false]
at testing.reporter.reportertest1(reporter.java:15)
at java.base/java.util.ArrayList.forEach(ArrayList.java:1511)
... Removed 29 stack frames]]>
    </failure>
  </testcase> <!-- reportertest1 -->
  <testcase classname="testing.reporter" name="reportertest2" time="0.002"/>
  <testcase classname="testing.reporter" name="reportertest3" time="0.002"/>
  <testcase classname="testing.reporter" name="reportertest4" time="0.001"/>
</testsuite> <!-- Test -->
